Build started 11/6/2013 12:20:33 AM.
     1>Project "C:\Users\Eric\Documents\Algonquin\2013F\Compilers\Assignment 2\scanner\scanner\scanner.vcxproj" on node 2 (build target(s)).
     1>InitializeBuildStatus:
         Creating "Debug\scanner.unsuccessfulbuild" because "AlwaysCreate" was specified.
       ClCompile:
         c:\Program Files (x86)\Microsoft Visual Studio 10.0\VC\bin\CL.exe /c /ZI /nologo /W4 /WX- /Od /Oy- /D WIN32 /D _DEBUG /D _CONSOLE /Gm /EHsc /RTC1 /MDd /GS /fp:precise /Za /Zc:wchar_t /Zc:forScope /Fo"Debug\\" /Fd"Debug\vc100.pdb" /Gd /TC /analyze- /errorReport:prompt scanner.c
         scanner.c
     1>c:\program files (x86)\microsoft visual studio 10.0\vc\include\sal.h(109): warning C4001: nonstandard extension 'single line comment' was used
     1>c:\users\eric\documents\algonquin\2013f\compilers\assignment 2\scanner\scanner\scanner.c(103): warning C4127: conditional expression is constant
     1>c:\users\eric\documents\algonquin\2013f\compilers\assignment 2\scanner\scanner\scanner.c(168): warning C4244: 'function' : conversion from 'int' to 'short', possible loss of data
     1>c:\users\eric\documents\algonquin\2013f\compilers\assignment 2\scanner\scanner\scanner.c(181): warning C4244: 'function' : conversion from 'int' to 'short', possible loss of data
     1>c:\users\eric\documents\algonquin\2013f\compilers\assignment 2\scanner\scanner\scanner.c(203): warning C4244: 'function' : conversion from 'int' to 'short', possible loss of data
     1>c:\users\eric\documents\algonquin\2013f\compilers\assignment 2\scanner\scanner\scanner.c(319): warning C4244: '=' : conversion from 'int' to 'short', possible loss of data
       ManifestResourceCompile:
         All outputs are up-to-date.
       Link:
         c:\Program Files (x86)\Microsoft Visual Studio 10.0\VC\bin\link.exe /ERRORREPORT:PROMPT /OUT:"C:\Users\Eric\Documents\Algonquin\2013F\Compilers\Assignment 2\scanner\Debug\scanner.exe" /INCREMENTAL /NOLOGO kernel32.lib user32.lib gdi32.lib winspool.lib comdlg32.lib advapi32.lib shell32.lib ole32.lib oleaut32.lib uuid.lib odbc32.lib odbccp32.lib /MANIFEST /ManifestFile:"Debug\scanner.exe.intermediate.manifest" /MANIFESTUAC:"level='asInvoker' uiAccess='false'" /DEBUG /PDB:"C:\Users\Eric\Documents\Algonquin\2013F\Compilers\Assignment 2\scanner\Debug\scanner.pdb" /SUBSYSTEM:CONSOLE /TLBID:1 /DYNAMICBASE /NXCOMPAT /IMPLIB:"C:\Users\Eric\Documents\Algonquin\2013F\Compilers\Assignment 2\scanner\Debug\scanner.lib" /MACHINE:X86 Debug\scanner.exe.embed.manifest.res
         Debug\buffer.obj
         Debug\platy_st.obj
         Debug\scanner.obj
       Manifest:
         C:\Program Files (x86)\Microsoft SDKs\Windows\v7.0A\bin\mt.exe /nologo /verbose /out:"Debug\scanner.exe.embed.manifest" /manifest Debug\scanner.exe.intermediate.manifest
         All outputs are up-to-date.
       LinkEmbedManifest:
         All outputs are up-to-date.
         scanner.vcxproj -> C:\Users\Eric\Documents\Algonquin\2013F\Compilers\Assignment 2\scanner\Debug\scanner.exe
       FinalizeBuildStatus:
         Deleting file "Debug\scanner.unsuccessfulbuild".
         Touching "Debug\scanner.lastbuildstate".
     1>Done Building Project "C:\Users\Eric\Documents\Algonquin\2013F\Compilers\Assignment 2\scanner\scanner\scanner.vcxproj" (build target(s)).

Build succeeded.

Time Elapsed 00:00:01.10
