C:\USERS\ERIC\DOCUMENTS\ALGONQUIN\2013F\COMPILERS\ASSIGNMENT 2\SCANNER\DEBUG\SCANNER.EXE
C:\USERS\ERIC\DOCUMENTS\ALGONQUIN\2013F\COMPILERS\ASSIGNMENT 2\SCANNER\DEBUG\SCANNER.ILK
C:\USERS\ERIC\DOCUMENTS\ALGONQUIN\2013F\COMPILERS\ASSIGNMENT 2\SCANNER\DEBUG\SCANNER.PDB
C:\USERS\ERIC\DOCUMENTS\ALGONQUIN\2013F\COMPILERS\ASSIGNMENT 2\SCANNER\SCANNER\DEBUG\BUFFER.OBJ
C:\Users\Eric\Documents\Algonquin\2013F\Compilers\Assignment 2\scanner\scanner\Debug\cl.command.1.tlog
C:\Users\Eric\Documents\Algonquin\2013F\Compilers\Assignment 2\scanner\scanner\Debug\CL.read.1.tlog
C:\Users\Eric\Documents\Algonquin\2013F\Compilers\Assignment 2\scanner\scanner\Debug\CL.write.1.tlog
C:\Users\Eric\Documents\Algonquin\2013F\Compilers\Assignment 2\scanner\scanner\Debug\link.6500.read.1.tlog
C:\Users\Eric\Documents\Algonquin\2013F\Compilers\Assignment 2\scanner\scanner\Debug\link.6500.write.1.tlog
C:\Users\Eric\Documents\Algonquin\2013F\Compilers\Assignment 2\scanner\scanner\Debug\link.6500-cvtres.read.1.tlog
C:\Users\Eric\Documents\Algonquin\2013F\Compilers\Assignment 2\scanner\scanner\Debug\link.6500-cvtres.write.1.tlog
C:\Users\Eric\Documents\Algonquin\2013F\Compilers\Assignment 2\scanner\scanner\Debug\link.command.1.tlog
C:\Users\Eric\Documents\Algonquin\2013F\Compilers\Assignment 2\scanner\scanner\Debug\link.read.1.tlog
C:\Users\Eric\Documents\Algonquin\2013F\Compilers\Assignment 2\scanner\scanner\Debug\link.write.1.tlog
C:\Users\Eric\Documents\Algonquin\2013F\Compilers\Assignment 2\scanner\scanner\Debug\link-cvtres.read.1.tlog
C:\Users\Eric\Documents\Algonquin\2013F\Compilers\Assignment 2\scanner\scanner\Debug\link-cvtres.write.1.tlog
C:\Users\Eric\Documents\Algonquin\2013F\Compilers\Assignment 2\scanner\scanner\Debug\mt.command.1.tlog
C:\Users\Eric\Documents\Algonquin\2013F\Compilers\Assignment 2\scanner\scanner\Debug\mt.read.1.tlog
C:\Users\Eric\Documents\Algonquin\2013F\Compilers\Assignment 2\scanner\scanner\Debug\mt.write.1.tlog
C:\USERS\ERIC\DOCUMENTS\ALGONQUIN\2013F\COMPILERS\ASSIGNMENT 2\SCANNER\SCANNER\DEBUG\PLATY_ST.OBJ
C:\Users\Eric\Documents\Algonquin\2013F\Compilers\Assignment 2\scanner\scanner\Debug\rc.command.1.tlog
C:\Users\Eric\Documents\Algonquin\2013F\Compilers\Assignment 2\scanner\scanner\Debug\rc.read.1.tlog
C:\Users\Eric\Documents\Algonquin\2013F\Compilers\Assignment 2\scanner\scanner\Debug\rc.write.1.tlog
C:\USERS\ERIC\DOCUMENTS\ALGONQUIN\2013F\COMPILERS\ASSIGNMENT 2\SCANNER\SCANNER\DEBUG\SCANNER.EXE.EMBED.MANIFEST
C:\USERS\ERIC\DOCUMENTS\ALGONQUIN\2013F\COMPILERS\ASSIGNMENT 2\SCANNER\SCANNER\DEBUG\SCANNER.EXE.EMBED.MANIFEST.RES
C:\USERS\ERIC\DOCUMENTS\ALGONQUIN\2013F\COMPILERS\ASSIGNMENT 2\SCANNER\SCANNER\DEBUG\SCANNER.EXE.INTERMEDIATE.MANIFEST
C:\USERS\ERIC\DOCUMENTS\ALGONQUIN\2013F\COMPILERS\ASSIGNMENT 2\SCANNER\SCANNER\DEBUG\SCANNER.OBJ
C:\Users\Eric\Documents\Algonquin\2013F\Compilers\Assignment 2\scanner\scanner\Debug\scanner.vcxprojResolveAssemblyReference.cache
C:\Users\Eric\Documents\Algonquin\2013F\Compilers\Assignment 2\scanner\scanner\Debug\scanner.write.1.tlog
C:\Users\Eric\Documents\Algonquin\2013F\Compilers\Assignment 2\scanner\scanner\Debug\scanner_manifest.rc
C:\Users\Eric\Documents\Algonquin\2013F\Compilers\Assignment 2\scanner\scanner\Debug\vc100.idb
C:\USERS\ERIC\DOCUMENTS\ALGONQUIN\2013F\COMPILERS\ASSIGNMENT 2\SCANNER\SCANNER\DEBUG\VC100.PDB
